Sanitization completed on Fri Jun  6 09:39:08 EDT 2025
Files sanitized:
/Users/danielreis/web/portfolio-build/scripts/../build-system/deploy/setup-env.sh
/Users/danielreis/web/portfolio-build/scripts/../build-system/deploy/simple-deploy.sh
/Users/danielreis/web/portfolio-build/scripts/../build-system/deploy/deploy-support/images/config/image-config.json
/Users/danielreis/web/portfolio-build/scripts/../build-system/deploy/deploy-support/images/processors/sharp-processor.js
/Users/danielreis/web/portfolio-build/scripts/../build-system/deploy/deploy-support/utils/audit-site.mjs
/Users/danielreis/web/portfolio-build/scripts/../build-system/deploy/deploy-support/utils/insert-section.mjs
/Users/danielreis/web/portfolio-build/scripts/../build-system/deploy/deploy-support/utils/scrape-site-content.mjs
/Users/danielreis/web/portfolio-build/scripts/../build-system/deploy/deploy-support/utils/sharpen-image.mjs
/Users/danielreis/web/portfolio-build/scripts/../build-system/deploy/deploy-support/utils/browser-open-test.sh
/Users/danielreis/web/portfolio-build/scripts/../build-system/deploy/deploy-support/utils/batch-sharpen.mjs
/Users/danielreis/web/portfolio-build/scripts/../build-system/deploy/deploy-support/utils/compare-audits.mjs
/Users/danielreis/web/portfolio-build/scripts/../build-system/deploy/deploy-support/create-new-page/create-new.mjs
/Users/danielreis/web/portfolio-build/scripts/../build-system/deploy/deploy-support/head-templates/inject-nav.mjs
/Users/danielreis/web/portfolio-build/scripts/../build-system/deploy/deploy-support/head-templates/inject-footer.mjs
/Users/danielreis/web/portfolio-build/scripts/../build-system/deploy/deploy-support/head-templates/inject-head.mjs
/Users/danielreis/web/portfolio-build/scripts/../build-system/deploy/deploy-support/scripts/05-transform-responsive-images.mjs
/Users/danielreis/web/portfolio-build/scripts/../build-system/deploy/deploy-support/scripts/06-build-portfolio.mjs
/Users/danielreis/web/portfolio-build/scripts/../build-system/deploy/deploy-support/scripts/08-preview-server.mjs
/Users/danielreis/web/portfolio-build/scripts/../build-system/deploy/deploy-support/scripts/00-validate-html.mjs
/Users/danielreis/web/portfolio-build/scripts/../build-system/deploy/deploy-support/scripts/02-create-static-placeholder.mjs
/Users/danielreis/web/portfolio-build/scripts/../build-system/deploy/deploy-support/scripts/01-process-images.mjs
/Users/danielreis/web/portfolio-build/scripts/../build-system/deploy/deploy-support/scripts/03-preprocess-featured-images.mjs
/Users/danielreis/web/portfolio-build/scripts/../build-system/deploy/deploy-support/scripts/07-pre-deploy-check.sh
/Users/danielreis/web/portfolio-build/scripts/../build-system/deploy/deploy-support/scripts/04-format-files.sh
/Users/danielreis/web/portfolio-build/scripts/../build-system/deploy/deploy-support/build-manager.mjs
/Users/danielreis/web/portfolio-build/scripts/../build-system/deploy/deploy-support/validation/checks/dependencies.js
/Users/danielreis/web/portfolio-build/scripts/../build-system/deploy/build.mjs
/Users/danielreis/web/portfolio-build/scripts/../build-system/server/server.js
/Users/danielreis/web/portfolio-build/scripts/../build-system/server/multi-server.js
/Users/danielreis/web/portfolio-build/scripts/../build-system/README.md
/Users/danielreis/web/portfolio-build/scripts/../build-system/package.json
